#
# There is insufficient memory for the Java Runtime Environment to continue.
# Native memory allocation (mmap) failed to map 268435456 bytes for G1 virtual space
# Possible reasons:
#   The system is out of physical RAM or swap space
#   The process is running with CompressedOops enabled, and the Java Heap may be blocking the growth of the native heap
# Possible solutions:
#   Reduce memory load on the system
#   Increase physical memory or swap space
#   Check if swap backing store is full
#   Decrease Java heap size (-Xmx/-Xms)
#   Decrease number of Java threads
#   Decrease Java thread stack sizes (-Xss)
#   Set larger code cache with -XX:ReservedCodeCacheSize=
#   JVM is running with Zero Based Compressed Oops mode in which the Java heap is
#     placed in the first 32GB address space. The Java Heap base address is the
#     maximum limit for the native heap growth. Please use -XX:HeapBaseMinAddress
#     to set the Java Heap base and to place the Java Heap above 32GB virtual address.
# This output file may be truncated or incomplete.
#
#  Out of Memory Error (os_windows.cpp:3613), pid=10140, tid=15428
#
# JRE version:  (17.0.10+7) (build )
# Java VM: OpenJDK 64-Bit Server VM (17.0.10+7-LTS, mixed mode, sharing, tiered, compressed oops, compressed class ptrs, g1 gc, windows-amd64)
# No core dump will be written. Minidumps are not enabled by default on client versions of Windows
#

---------------  S U M M A R Y ------------

Command Line: 

Host: AMD Ryzen 5 3400G with Radeon Vega Graphics    , 8 cores, 15G,  Windows 10 , 64 bit Build 19041 (10.0.19041.3636)
Time: Mon Jul  1 09:25:23 2024 Afr. centrale Ouest elapsed time: 0.011300 seconds (0d 0h 0m 0s)

---------------  T H R E A D  ---------------

Current thread (0x0000023aa17dbfe0):  JavaThread "Unknown thread" [_thread_in_vm, id=15428, stack(0x00000058e5500000,0x00000058e5600000)]

Stack: [0x00000058e5500000,0x00000058e5600000]
Native frames: (J=compiled Java code, j=interpreted, Vv=VM code, C=native code)
V  [jvm.dll+0x681929]
V  [jvm.dll+0x83934a]
V  [jvm.dll+0x83ae0e]
V  [jvm.dll+0x83b473]
V  [jvm.dll+0x24b5ef]
V  [jvm.dll+0x67e759]
V  [jvm.dll+0x6731ca]
V  [jvm.dll+0x30b3eb]
V  [jvm.dll+0x312896]
V  [jvm.dll+0x362dee]
V  [jvm.dll+0x36301f]
V  [jvm.dll+0x2e2048]
V  [jvm.dll+0x2e2fb4]
V  [jvm.dll+0x80abe1]
V  [jvm.dll+0x370ca1]
V  [jvm.dll+0x7e9656]
V  [jvm.dll+0x3f44ff]
V  [jvm.dll+0x3f6131]
C  [jli.dll+0x532f]
C  [ucrtbase.dll+0x21bb2]
C  [KERNEL32.DLL+0x17344]
C  [ntdll.dll+0x4cc91]


---------------  P R O C E S S  ---------------

Threads class SMR info:
_java_thread_list=0x00007ffc7fdb5f98, length=0, elements={
}

Java Threads: ( => current thread )

Other Threads:
  0x0000023aa3a5a220 GCTaskThread "GC Thread#0" [stack: 0x00000058e5600000,0x00000058e5700000] [id=1928]
  0x0000023aa3a6afd0 ConcurrentGCThread "G1 Main Marker" [stack: 0x00000058e5700000,0x00000058e5800000] [id=9044]
  0x0000023aa3a6c910 ConcurrentGCThread "G1 Conc#0" [stack: 0x00000058e5800000,0x00000058e5900000] [id=12248]

[error occurred during error reporting (printing all threads), id 0xc0000005, EXCEPTION_ACCESS_VIOLATION (0xc0000005) at pc=0x00007ffc7f572a27]

VM state: not at safepoint (not fully initialized)

VM Mutex/Monitor currently owned by a thread:  ([mutex/lock_event])
[0x0000023aa39ef640] Heap_lock - owner thread: 0x0000023aa17dbfe0

Heap address: 0x0000000700c00000, size: 4084 MB, Compressed Oops mode: Zero based, Oop shift amount: 3

CDS archive(s) mapped at: [0x0000000000000000-0x0000000000000000-0x0000000000000000), size 0, SharedBaseAddress: 0x0000000800000000, ArchiveRelocationMode: 1.
Narrow klass base: 0x0000000000000000, Narrow klass shift: 0, Narrow klass range: 0x0

GC Precious Log:
<Empty>

Heap:
 garbage-first heap   total 0K, used 0K [0x0000000700c00000, 0x0000000800000000)
  region size 2048K, 0 young (0K), 0 survivors (0K)

[error occurred during error reporting (printing heap information), id 0xc0000005, EXCEPTION_ACCESS_VIOLATION (0xc0000005) at pc=0x00007ffc7f95b599]

GC Heap History (0 events):
No events

Dll operation events (1 events):
Event: 0.006 Loaded shared library C:\Program Files\Zulu\zulu-17\bin\java.dll

Deoptimization events (0 events):
No events

Classes unloaded (0 events):
No events

Classes redefined (0 events):
No events

Internal exceptions (0 events):
No events

VM Operations (0 events):
No events

Events (0 events):
No events


Dynamic libraries:
0x00007ff613880000 - 0x00007ff61388e000 	C:\Program Files\Zulu\zulu-17\bin\java.exe
0x00007ffccd830000 - 0x00007ffccda28000 	C:\WINDOWS\SYSTEM32\ntdll.dll
0x00007ffcccc60000 - 0x00007ffcccd1d000 	C:\WINDOWS\System32\KERNEL32.DLL
0x00007ffccb1c0000 - 0x00007ffccb4b6000 	C:\WINDOWS\System32\KERNELBASE.dll
0x00007ffccb620000 - 0x00007ffccb720000 	C:\WINDOWS\System32\ucrtbase.dll
0x00007ffcc6bb0000 - 0x00007ffcc6bcb000 	C:\Program Files\Zulu\zulu-17\bin\VCRUNTIME140.dll
0x00007ffcc31b0000 - 0x00007ffcc31c9000 	C:\Program Files\Zulu\zulu-17\bin\jli.dll
0x00007ffccd0d0000 - 0x00007ffccd26f000 	C:\WINDOWS\System32\USER32.dll
0x00007ffccb7d0000 - 0x00007ffccb7f2000 	C:\WINDOWS\System32\win32u.dll
0x00007ffcca2b0000 - 0x00007ffcca54a000 	C:\WINDOWS\WinSxS\amd64_microsoft.windows.common-controls_6595b64144ccf1df_6.0.19041.4355_none_60b8b9eb71f62e16\COMCTL32.dll
0x00007ffccc230000 - 0x00007ffccc25b000 	C:\WINDOWS\System32\GDI32.dll
0x00007ffccc750000 - 0x00007ffccc7ee000 	C:\WINDOWS\System32\msvcrt.dll
0x00007ffccb070000 - 0x00007ffccb187000 	C:\WINDOWS\System32\gdi32full.dll
0x00007ffccafd0000 - 0x00007ffccb06d000 	C:\WINDOWS\System32\msvcp_win.dll
0x00007ffccc7f0000 - 0x00007ffccc81f000 	C:\WINDOWS\System32\IMM32.DLL
0x00007ffcc6b60000 - 0x00007ffcc6b6c000 	C:\Program Files\Zulu\zulu-17\bin\vcruntime140_1.dll
0x00007ffcb6eb0000 - 0x00007ffcb6f3d000 	C:\Program Files\Zulu\zulu-17\bin\msvcp140.dll
0x00007ffc7f280000 - 0x00007ffc7fee9000 	C:\Program Files\Zulu\zulu-17\bin\server\jvm.dll
0x00007ffcccb50000 - 0x00007ffcccc00000 	C:\WINDOWS\System32\ADVAPI32.dll
0x00007ffccc2e0000 - 0x00007ffccc380000 	C:\WINDOWS\System32\sechost.dll
0x00007ffccc900000 - 0x00007ffccca23000 	C:\WINDOWS\System32\RPCRT4.dll
0x00007ffccb190000 - 0x00007ffccb1b7000 	C:\WINDOWS\System32\bcrypt.dll
0x00007ffcb6820000 - 0x00007ffcb6829000 	C:\WINDOWS\SYSTEM32\WSOCK32.dll
0x00007ffcc0c00000 - 0x00007ffcc0c27000 	C:\WINDOWS\SYSTEM32\WINMM.dll
0x00007ffcc3390000 - 0x00007ffcc339a000 	C:\WINDOWS\SYSTEM32\VERSION.dll
0x00007ffccaae0000 - 0x00007ffccab2b000 	C:\WINDOWS\SYSTEM32\POWRPROF.dll
0x00007ffcccae0000 - 0x00007ffcccb4b000 	C:\WINDOWS\System32\WS2_32.dll
0x00007ffcca640000 - 0x00007ffcca652000 	C:\WINDOWS\SYSTEM32\UMPDC.dll
0x00007ffcc86e0000 - 0x00007ffcc86f2000 	C:\WINDOWS\SYSTEM32\kernel.appcore.dll
0x00007ffcc31a0000 - 0x00007ffcc31aa000 	C:\Program Files\Zulu\zulu-17\bin\jimage.dll
0x00007ffcca8f0000 - 0x00007ffccaad4000 	C:\WINDOWS\SYSTEM32\DBGHELP.DLL
0x00007ffcca830000 - 0x00007ffcca864000 	C:\WINDOWS\SYSTEM32\dbgcore.DLL
0x00007ffccaef0000 - 0x00007ffccaf72000 	C:\WINDOWS\System32\bcryptPrimitives.dll
0x00007ffcc3170000 - 0x00007ffcc3195000 	C:\Program Files\Zulu\zulu-17\bin\java.dll

dbghelp: loaded successfully - version: 4.0.5 - missing functions: none
symbol engine: initialized successfully - sym options: 0x614 - pdb path: .;C:\Program Files\Zulu\zulu-17\bin;C:\WINDOWS\SYSTEM32;C:\WINDOWS\WinSxS\amd64_microsoft.windows.common-controls_6595b64144ccf1df_6.0.19041.4355_none_60b8b9eb71f62e16;C:\Program Files\Zulu\zulu-17\bin\server

VM Arguments:
java_command: <unknown>
java_class_path (initial): <not set>
Launcher Type: SUN_STANDARD

[Global flags]
     intx CICompilerCount                          = 4                                         {product} {ergonomic}
     uint ConcGCThreads                            = 2                                         {product} {ergonomic}
     uint G1ConcRefinementThreads                  = 8                                         {product} {ergonomic}
   size_t G1HeapRegionSize                         = 2097152                                   {product} {ergonomic}
    uintx GCDrainStackTargetSize                   = 64                                        {product} {ergonomic}
   size_t InitialHeapSize                          = 268435456                                 {product} {ergonomic}
   size_t MarkStackSize                            = 4194304                                   {product} {ergonomic}
   size_t MaxHeapSize                              = 4282384384                                {product} {ergonomic}
   size_t MinHeapDeltaBytes                        = 2097152                                   {product} {ergonomic}
   size_t MinHeapSize                              = 8388608                                   {product} {ergonomic}
    uintx NonNMethodCodeHeapSize                   = 5839372                                {pd product} {ergonomic}
    uintx NonProfiledCodeHeapSize                  = 122909434                              {pd product} {ergonomic}
    uintx ProfiledCodeHeapSize                     = 122909434                              {pd product} {ergonomic}
    uintx ReservedCodeCacheSize                    = 251658240                              {pd product} {ergonomic}
     bool SegmentedCodeCache                       = true                                      {product} {ergonomic}
   size_t SoftMaxHeapSize                          = 4282384384                             {manageable} {ergonomic}
     bool UseCompressedClassPointers               = true                           {product lp64_product} {ergonomic}
     bool UseCompressedOops                        = true                           {product lp64_product} {ergonomic}
     bool UseG1GC                                  = true                                      {product} {ergonomic}
     bool UseLargePagesIndividualAllocation        = false                                  {pd product} {ergonomic}

Logging:
Log output configuration:
 #0: stdout all=warning uptime,level,tags
 #1: stderr all=off uptime,level,tags

Environment Variables:
PATH=D:\mobile\EasyDriver\node_modules\.bin;D:\mobile\EasyDriver\node_modules\.bin;D:\mobile\node_modules\.bin;D:\node_modules\.bin;D:\laragon\bin\nodejs\node-v18\node_modules\npm\node_modules\@npmcli\run-script\lib\node-gyp-bin;C:\Program Files\Zulu\zulu-17\bin\;C:\Program Files (x86)\Common Files\Oracle\Java\javapath;C:\Program Files (x86)\Common Files\Intel\Shared Libraries\redist\intel64\compiler;C:\WINDOWS\system32;C:\WINDOWS;C:\WINDOWS\System32\Wbem;C:\WINDOWS\System32\WindowsPowerShell\v1.0\;C:\WINDOWS\System32\OpenSSH\;C:\Program Files\PuTTY\;C:\Program Files\GitHub CLI\;C:\Users\Danyl\AppData\Local\Android\Sdk\platform-tools;C:\Users\Danyl\AppData\Local\Yarn\config\global\node_modules\.bin;C:\Users\Danyl\AppData\Roaming\Composer\vendor\bin;C:\Users\Danyl\AppData\Roaming\npm;D:\laragon\bin;D:\laragon\bin\apache\httpd-2.4.54-win64-VS16\bin;D:\laragon\bin\composer;D:\laragon\bin\git\bin;D:\laragon\bin\git\cmd;D:\laragon\bin\git\mingw64\bin;D:\laragon\bin\git\usr\bin;D:\laragon\bin\laragon\utils;D:\laragon\bin\mysql\mysql-8.0.30-winx64\bin;D:\laragon\bin\nginx\nginx-1.22.0;D:\laragon\bin\ngrok;D:\laragon\bin\nodejs\node-v18;D:\laragon\bin\notepad++;D:\laragon\bin\php\php-8.1.10-Win32-vs16-x64;D:\laragon\bin\python\python-3.10;D:\laragon\bin\python\python-3.10\Scripts;D:\laragon\bin\redis\redis-x64-5.0.14.1;D:\laragon\bin\telnet;D:\laragon\usr\bin;C:\Users\Danyl\AppData\Local\Microsoft\WindowsApps;D:\Microsoft VS Code\bin;C:\Program Files\platform-tools;C:\Users\Danyl\AppData\Local\Android\Sdk;
USERNAME=Danyl
OS=Windows_NT
PROCESSOR_IDENTIFIER=AMD64 Family 23 Model 24 Stepping 1, AuthenticAMD
TMP=C:\Users\Danyl\AppData\Local\Temp
TEMP=C:\Users\Danyl\AppData\Local\Temp



Periodic native trim disabled


---------------  S Y S T E M  ---------------

OS:
 Windows 10 , 64 bit Build 19041 (10.0.19041.3636)
OS uptime: 0 days 0:59 hours
Hyper-V role detected

CPU: total 8 (initial active 8) (8 cores per cpu, 2 threads per core) family 23 model 24 stepping 1 microcode 0x0, cx8, cmov, fxsr, ht, mmx, 3dnowpref, sse, sse2, sse3, ssse3, sse4a, sse4.1, sse4.2, popcnt, lzcnt, tsc, tscinvbit, avx, avx2, aes, clmul, bmi1, bmi2, adx, sha, fma, vzeroupper, clflush, clflushopt, hv
Processor Information for all 8 processors :
  Max Mhz: 3700, Current Mhz: 3700, Mhz Limit: 3700

Memory: 4k page, system-wide physical 16332M (4007M free)
TotalPageFile size 17791M (AvailPageFile size 125M)
current process WorkingSet (physical memory assigned to process): 11M, peak: 11M
current process commit charge ("private bytes"): 60M, peak: 316M

vm_info: OpenJDK 64-Bit Server VM (17.0.10+7-LTS) for windows-amd64 JRE (17.0.10+7-LTS) (Zulu17.48+15-CA), built on Jan  5 2024 14:15:01 by "zulu_re" with MS VC++ 16.10 / 16.11 (VS2019)

END.
